******************* GDI DUMP => Date : Fri Feb 04 23:05:29 2022

No ST-Link device detected.
Please connect it and then retry.
**** End of GDI DUMP ****
******************* GDI DUMP => Date : Fri Feb 04 23:06:28 2022

No ST-Link device detected.
Please connect it and then retry.
**** End of GDI DUMP ****
******************* GDI DUMP => Date : Fri Feb 04 23:07:57 2022

No ST-Link device detected.
Please connect it and then retry.
**** End of GDI DUMP ****
******************* GDI DUMP => Date : Fri Feb 04 23:08:29 2022

No ST-Link device detected.
Please connect it and then retry.
**** End of GDI DUMP ****
******************* GDI DUMP => Date : Fri Feb 04 23:08:32 2022

No ST-Link device detected.
Please connect it and then retry.
**** End of GDI DUMP ****
******************* GDI DUMP => Date : Tue Feb 22 19:28:54 2022

No ST-Link device detected.
Please connect it and then retry.
**** End of GDI DUMP ****
******************* GDI DUMP => Date : Tue Feb 22 19:28:56 2022

No ST-Link device detected.
Please connect it and then retry.
**** End of GDI DUMP ****
******************* GDI DUMP => Date : Tue Feb 22 19:28:57 2022

No ST-Link device detected.
Please connect it and then retry.
**** End of GDI DUMP ****
******************* GDI DUMP => Date : Tue Feb 22 19:30:28 2022

No ST-Link device detected.
Please connect it and then retry.
**** End of GDI DUMP ****
******************* GDI DUMP => Date : Tue Feb 22 19:30:51 2022

No ST-Link device detected.
Please connect it and then retry.
**** End of GDI DUMP ****
******************* GDI DUMP => Date : Tue Feb 22 19:30:56 2022

No ST-Link device detected.
Please connect it and then retry.
**** End of GDI DUMP ****
******************* GDI DUMP => Date : Tue Feb 22 19:30:57 2022

No ST-Link device detected.
Please connect it and then retry.
**** End of GDI DUMP ****
******************* GDI DUMP => Date : Tue Feb 22 19:30:59 2022

No ST-Link device detected.
Please connect it and then retry.
**** End of GDI DUMP ****
